<?xml version="1.0" encoding="UTF-8"?>
<!-- Generated by org.testng.reporters.JUnitXMLReporter -->
<testsuite hostname="BLT0005-PC" name="Default test" tests="1" failures="1" timestamp="22 Apr 2016 09:20:51 GMT" time="209.106" errors="0">
  <testcase name="f" time="209.04" classname="Basictest.Testobjectdemo">
    <failure type="org.openqa.selenium.InvalidSelectorException" message="Locator Strategy &amp;apos;name&amp;apos; is not supported for this session (WARNING: The server did not provide any stacktrace information)
Command duration or timeout: 244 milliseconds
For documentation on this error, please visit: http://seleniumhq.org/exceptions/invalid_selector_exception.html
Build info: version: &amp;apos;2.52.0&amp;apos;, revision: &amp;apos;4c2593c&amp;apos;, time: &amp;apos;2016-02-11 19:06:42&amp;apos;
System info: host: &amp;apos;BLT0005-PC&amp;apos;, ip: &amp;apos;192.168.1.250&amp;apos;, os.name: &amp;apos;Windows 8.1&amp;apos;, os.arch: &amp;apos;amd64&amp;apos;, os.version: &amp;apos;6.3&amp;apos;, java.version: &amp;apos;1.8.0_05&amp;apos;
Driver info: org.openqa.selenium.remote.RemoteWebDriver
Capabilities [{appPackage=com.example.android.testing.unittesting.BasicSample, app=/tmp/apks-LG_Nexus_4_E960_real/com.example.android.testing.unittesting.BasicSample.apk, networkConnectionEnabled=true, testobject_app_id=1, testobject_test_report_url=https://app.testobject.com/#/jessy/basic-unittest/appium/executions/15, warnings={}, testobject_device=LG_Nexus_4_E960_real, testobject_device_session_id=ff36a881-48aa-4f78-944f-7f98af836478, databaseEnabled=false, adbPort=15008, deviceName=008581c08ad541d7, platform=LINUX, appActivity=com.example.android.testing.unittesting.BasicSample.MainActivity, desired={appPackage=com.example.android.testing.unittesting.BasicSample, appActivity=com.example.android.testing.unittesting.BasicSample.MainActivity, app=/tmp/apks-LG_Nexus_4_E960_real/com.example.android.testing.unittesting.BasicSample.apk, testobject_app_id=1, testobject_appium_version=1.5.0, platformVersion=4.3.0, testobject_device=LG_Nexus_4_E960_real, testobject_api_key=856FE7E69889478A84565D39EFFEB085, platformName=Android, adbPort=15008, deviceName=LG_Nexus_4_E960_real}, testobject_appium_version=1.5.0, platformVersion=5.1.1, webStorageEnabled=false, locationContextEnabled=false, takesScreenshot=true, javascriptEnabled=true, testobject_api_key=856FE7E69889478A84565D39EFFEB085, platformName=Android, testobject_test_live_view_url=https://app.testobject.com/#/jessy/basic-unittest/appium/view/15}]
Session ID: 88e84779-61fd-46e6-b2a3-89c5b887ad8f
*** Element info: {Using=name, value=Save}">
      <![CDATA[org.openqa.selenium.InvalidSelectorException: Locator Strategy 'name' is not supported for this session (WARNING: The server did not provide any stacktrace information)
Command duration or timeout: 244 milliseconds
For documentation on this error, please visit: http://seleniumhq.org/exceptions/invalid_selector_exception.html
Build info: version: '2.52.0', revision: '4c2593c', time: '2016-02-11 19:06:42'
System info: host: 'BLT0005-PC', ip: '192.168.1.250', os.name: 'Windows 8.1', os.arch: 'amd64', os.version: '6.3', java.version: '1.8.0_05'
Driver info: org.openqa.selenium.remote.RemoteWebDriver
Capabilities [{appPackage=com.example.android.testing.unittesting.BasicSample, app=/tmp/apks-LG_Nexus_4_E960_real/com.example.android.testing.unittesting.BasicSample.apk, networkConnectionEnabled=true, testobject_app_id=1, testobject_test_report_url=https://app.testobject.com/#/jessy/basic-unittest/appium/executions/15, warnings={}, testobject_device=LG_Nexus_4_E960_real, testobject_device_session_id=ff36a881-48aa-4f78-944f-7f98af836478, databaseEnabled=false, adbPort=15008, deviceName=008581c08ad541d7, platform=LINUX, appActivity=com.example.android.testing.unittesting.BasicSample.MainActivity, desired={appPackage=com.example.android.testing.unittesting.BasicSample, appActivity=com.example.android.testing.unittesting.BasicSample.MainActivity, app=/tmp/apks-LG_Nexus_4_E960_real/com.example.android.testing.unittesting.BasicSample.apk, testobject_app_id=1, testobject_appium_version=1.5.0, platformVersion=4.3.0, testobject_device=LG_Nexus_4_E960_real, testobject_api_key=856FE7E69889478A84565D39EFFEB085, platformName=Android, adbPort=15008, deviceName=LG_Nexus_4_E960_real}, testobject_appium_version=1.5.0, platformVersion=5.1.1, webStorageEnabled=false, locationContextEnabled=false, takesScreenshot=true, javascriptEnabled=true, testobject_api_key=856FE7E69889478A84565D39EFFEB085, platformName=Android, testobject_test_live_view_url=https://app.testobject.com/#/jessy/basic-unittest/appium/view/15}]
Session ID: 88e84779-61fd-46e6-b2a3-89c5b887ad8f
*** Element info: {Using=name, value=Save}
	at sun.reflect.NativeConstructorAccessorImpl.newInstance0(Native Method)
	at sun.reflect.NativeConstructorAccessorImpl.newInstance(Unknown Source)
	at sun.reflect.DelegatingConstructorAccessorImpl.newInstance(Unknown Source)
	at java.lang.reflect.Constructor.newInstance(Unknown Source)
	at org.openqa.selenium.remote.ErrorHandler.createThrowable(ErrorHandler.java:206)
	at org.openqa.selenium.remote.ErrorHandler.throwIfResponseFailed(ErrorHandler.java:158)
	at org.openqa.selenium.remote.RemoteWebDriver.execute(RemoteWebDriver.java:678)
	at org.openqa.selenium.remote.RemoteWebDriver.findElement(RemoteWebDriver.java:363)
	at org.openqa.selenium.remote.RemoteWebDriver.findElementByName(RemoteWebDriver.java:461)
	at org.openqa.selenium.By$ByName.findElement(By.java:303)
	at org.openqa.selenium.remote.RemoteWebDriver.findElement(RemoteWebDriver.java:355)
	at Basictest.Testobjectdemo.f(Testobjectdemo.java:46)
	at sun.reflect.NativeMethodAccessorImpl.invoke0(Native Method)
	at sun.reflect.NativeMethodAccessorImpl.invoke(Unknown Source)
	at sun.reflect.DelegatingMethodAccessorImpl.invoke(Unknown Source)
	at java.lang.reflect.Method.invoke(Unknown Source)
	at org.testng.internal.MethodInvocationHelper.invokeMethod(MethodInvocationHelper.java:86)
	at org.testng.internal.Invoker.invokeMethod(Invoker.java:646)
	at org.testng.internal.Invoker.invokeTestMethod(Invoker.java:823)
	at org.testng.internal.Invoker.invokeTestMethods(Invoker.java:1131)
	at org.testng.internal.TestMethodWorker.invokeTestMethods(TestMethodWorker.java:129)
	at org.testng.internal.TestMethodWorker.run(TestMethodWorker.java:112)
	at org.testng.TestRunner.privateRun(TestRunner.java:778)
	at org.testng.TestRunner.run(TestRunner.java:632)
	at org.testng.SuiteRunner.runTest(SuiteRunner.java:366)
	at org.testng.SuiteRunner.runSequentially(SuiteRunner.java:361)
	at org.testng.SuiteRunner.privateRun(SuiteRunner.java:319)
	at org.testng.SuiteRunner.run(SuiteRunner.java:268)
	at org.testng.SuiteRunnerWorker.runSuite(SuiteRunnerWorker.java:52)
	at org.testng.SuiteRunnerWorker.run(SuiteRunnerWorker.java:86)
	at org.testng.TestNG.runSuitesSequentially(TestNG.java:1225)
	at org.testng.TestNG.runSuitesLocally(TestNG.java:1150)
	at org.testng.TestNG.runSuites(TestNG.java:1075)
	at org.testng.TestNG.run(TestNG.java:1047)
	at org.testng.remote.AbstractRemoteTestNG.run(AbstractRemoteTestNG.java:126)
	at org.testng.remote.RemoteTestNG.initAndRun(RemoteTestNG.java:137)
	at org.testng.remote.RemoteTestNG.main(RemoteTestNG.java:58)
]]>
    </failure>
  </testcase> <!-- f -->
</testsuite> <!-- Default test -->
