<?xml version="1.0" encoding="UTF-8"?>
<testng-results skipped="0" failed="0" total="1" passed="1">
  <reporter-output>
  </reporter-output>
  <suite name="Suite" duration-ms="209749" started-at="2016-04-22T09:27:13Z" finished-at="2016-04-22T09:30:43Z">
    <groups>
    </groups>
    <test name="Test" duration-ms="209749" started-at="2016-04-22T09:27:13Z" finished-at="2016-04-22T09:30:43Z">
      <class name="Basictest.Testobjectdemo">
        <test-method status="PASS" signature="f()[pri:0, instance:Basictest.Testobjectdemo@3c5a99da]" name="f" duration-ms="209683" started-at="2016-04-22T14:57:13Z" finished-at="2016-04-22T15:00:43Z">
          <reporter-output>
          </reporter-output>
        </test-method> <!-- f -->
      </class> <!-- Basictest.Testobjectdemo -->
    </test> <!-- Test -->
  </suite> <!-- Suite -->
</testng-results>
